<?xml version="1.0" encoding="UTF-8"?>
<!-- Generated by org.testng.reporters.JUnitXMLReporter -->
<testsuite ignored="0" hostname="Neevetha" failures="0" tests="3" name="Test" time="214.678" errors="0" timestamp="2021-10-01T23:27:08 IST">
  <testcase classname="genericlibrary.Baseclass" name="@BeforeMethod openApp" time="56.564">
    <failure type="org.openqa.selenium.WebDriverException" message="unknown error: Chrome failed to start: exited normally.
  (chrome not reachable)
  (The process started from chrome location C:\Program Files\Google\Chrome\Application\chrome.exe is no longer running, so ChromeDriver is assuming that Chrome has crashed.)
Build info: version: &amp;apos;3.141.59&amp;apos;, revision: &amp;apos;e82be7d358&amp;apos;, time: &amp;apos;2018-11-14T08:17:03&amp;apos;
System info: host: &amp;apos;NEEVETHA&amp;apos;, ip: &amp;apos;192.168.0.116&amp;apos;, os.name: &amp;apos;Windows 8&amp;apos;, os.arch: &amp;apos;amd64&amp;apos;, os.version: &amp;apos;6.2&amp;apos;, java.version: &amp;apos;16.0.1&amp;apos;
Driver info: driver.version: ChromeDriver
remote stacktrace: Backtrace:
	Ordinal0 [0x0052BDE3+2473443]
	Ordinal0 [0x004C6661+2057825]
	Ordinal0 [0x003D2438+1057848]
	Ordinal0 [0x003ED598+1168792]
	Ordinal0 [0x003E9CAF+1154223]
	Ordinal0 [0x00419ADF+1350367]
	Ordinal0 [0x0041974A+1349450]
	Ordinal0 [0x004155AB+1332651]
	Ordinal0 [0x003F2104+1188100]
	Ordinal0 [0x003F2F59+1191769]
	GetHandleVerifier [0x006B2266+1549718]
	GetHandleVerifier [0x0075D4A7+2250711]
	GetHandleVerifier [0x005B718B+521403]
	GetHandleVerifier [0x005B6229+517465]
	Ordinal0 [0x004CB79D+2078621]
	Ordinal0 [0x004CFB58+2095960]
	Ordinal0 [0x004CFC92+2096274]
	Ordinal0 [0x004D9541+2135361]
	BaseThreadInitThunk [0x76AD8543+14]
	RtlInitializeExceptionChain [0x7784AC69+133]
	RtlInitializeExceptionChain [0x7784AC3C+88]
">
      <![CDATA[org.openqa.selenium.WebDriverException: unknown error: Chrome failed to start: exited normally.
  (chrome not reachable)
  (The process started from chrome location C:\Program Files\Google\Chrome\Application\chrome.exe is no longer running, so ChromeDriver is assuming that Chrome has crashed.)
Build info: version: '3.141.59', revision: 'e82be7d358', time: '2018-11-14T08:17:03'
System info: host: 'NEEVETHA', ip: '192.168.0.116', os.name: 'Windows 8', os.arch: 'amd64', os.version: '6.2', java.version: '16.0.1'
Driver info: driver.version: ChromeDriver
remote stacktrace: Backtrace:
Ordinal0 [0x0052BDE3+2473443]
Ordinal0 [0x004C6661+2057825]
Ordinal0 [0x003D2438+1057848]
Ordinal0 [0x003ED598+1168792]
Ordinal0 [0x003E9CAF+1154223]
Ordinal0 [0x00419ADF+1350367]
Ordinal0 [0x0041974A+1349450]
Ordinal0 [0x004155AB+1332651]
Ordinal0 [0x003F2104+1188100]
Ordinal0 [0x003F2F59+1191769]
GetHandleVerifier [0x006B2266+1549718]
GetHandleVerifier [0x0075D4A7+2250711]
GetHandleVerifier [0x005B718B+521403]
GetHandleVerifier [0x005B6229+517465]
Ordinal0 [0x004CB79D+2078621]
Ordinal0 [0x004CFB58+2095960]
Ordinal0 [0x004CFC92+2096274]
Ordinal0 [0x004D9541+2135361]
BaseThreadInitThunk [0x76AD8543+14]
RtlInitializeExceptionChain [0x7784AC69+133]
RtlInitializeExceptionChain [0x7784AC3C+88]

at org.openqa.selenium.remote.W3CHandshakeResponse.lambda$errorHandler$0(W3CHandshakeResponse.java:62)
at org.openqa.selenium.remote.HandshakeResponse.lambda$getResponseFunction$0(HandshakeResponse.java:30)
at org.openqa.selenium.remote.ProtocolHandshake.lambda$createSession$0(ProtocolHandshake.java:126)
at java.base/java.util.stream.ReferencePipeline$3$1.accept(ReferencePipeline.java:197)
at java.base/java.util.Spliterators$ArraySpliterator.tryAdvance(Spliterators.java:958)
at java.base/java.util.stream.ReferencePipeline.forEachWithCancel(ReferencePipeline.java:129)
at java.base/java.util.stream.AbstractPipeline.copyIntoWithCancel(AbstractPipeline.java:502)
at java.base/java.util.stream.AbstractPipeline.copyInto(AbstractPipeline.java:488)
at java.base/java.util.stream.AbstractPipeline.wrapAndCopyInto(AbstractPipeline.java:474)
at java.base/java.util.stream.FindOps$FindOp.evaluateSequential(FindOps.java:150)
at java.base/java.util.stream.AbstractPipeline.evaluate(AbstractPipeline.java:234)
at java.base/java.util.stream.ReferencePipeline.findFirst(ReferencePipeline.java:647)
at org.openqa.selenium.remote.ProtocolHandshake.createSession(ProtocolHandshake.java:128)
at org.openqa.selenium.remote.ProtocolHandshake.createSession(ProtocolHandshake.java:74)
at org.openqa.selenium.remote.HttpCommandExecutor.execute(HttpCommandExecutor.java:136)
at org.openqa.selenium.remote.service.DriverCommandExecutor.execute(DriverCommandExecutor.java:83)
at org.openqa.selenium.remote.RemoteWebDriver.execute(RemoteWebDriver.java:552)
at org.openqa.selenium.remote.RemoteWebDriver.startSession(RemoteWebDriver.java:213)
at org.openqa.selenium.remote.RemoteWebDriver.<init>(RemoteWebDriver.java:131)
at org.openqa.selenium.chrome.ChromeDriver.<init>(ChromeDriver.java:181)
at org.openqa.selenium.chrome.ChromeDriver.<init>(ChromeDriver.java:168)
at org.openqa.selenium.chrome.ChromeDriver.<init>(ChromeDriver.java:123)
at genericlibrary.Baseclass.openApp(Baseclass.java:25)
at java.base/java.util.ArrayList.forEach(ArrayList.java:1511)
... Removed 36 stack frames]]>
    </failure>
  </testcase> <!-- @BeforeMethod openApp -->
  <testcase classname="genericlibrary.Baseclass" name="@AfterMethod closeApp" time="-1.633110870311E9">
    <skipped/>
  </testcase> <!-- @AfterMethod closeApp -->
  <testcase classname="scripts.Videoplayscenario" name="tc3" time="0.0">
    <skipped/>
  </testcase> <!-- tc3 -->
  <testcase classname="scripts.AddingcourseTocart" name="tc1" time="51.394"/>
  <testcase classname="scripts.FaceBookLike" name="tc2" time="46.856"/>
</testsuite> <!-- Test -->
